-------------------------------------------------------------------------------
Test set: gr.uth.ece.dsel.hadoop.AppTest
-------------------------------------------------------------------------------
<<<<<<< HEAD
<<<<<<< HEAD
Tests run: 1, Failures: 0, Errors: 0, Skipped: 0, Time elapsed: 0.212 s - in gr.uth.ece.dsel.hadoop.AppTest
=======
Tests run: 1, Failures: 0, Errors: 0, Skipped: 0, Time elapsed: 0.177 s - in gr.uth.ece.dsel.hadoop.AppTest
>>>>>>> d8ba539 (Update README.md)
=======
Tests run: 1, Failures: 0, Errors: 0, Skipped: 0, Time elapsed: 0.14 s - in gr.uth.ece.dsel.hadoop.AppTest
>>>>>>> 98e85f3 (Update README.md)
